ERROR - 2023-12-14 11:21:51 --> mysqli_sql_exception: Table 'rest-perpustakaan.bukudigital' doesn't exist in C:\xampp\htdocs\REST\system\Database\MySQLi\Connection.php:295
Stack trace:
#0 C:\xampp\htdocs\REST\system\Database\MySQLi\Connection.php(295): mysqli->query('SELECT *\nFROM `...', 0)
#1 C:\xampp\htdocs\REST\system\Database\BaseConnection.php(692): CodeIgniter\Database\MySQLi\Connection->execute('SELECT *\nFROM `...')
#2 C:\xampp\htdocs\REST\system\Database\BaseConnection.php(606): CodeIgniter\Database\BaseConnection->simpleQuery('SELECT *\nFROM `...')
#3 C:\xampp\htdocs\REST\system\Database\BaseBuilder.php(1616): CodeIgniter\Database\BaseConnection->query('SELECT *\nFROM `...', Array, false)
#4 C:\xampp\htdocs\REST\system\Model.php(268): CodeIgniter\Database\BaseBuilder->get()
#5 C:\xampp\htdocs\REST\system\BaseModel.php(656): CodeIgniter\Model->doFirst()
#6 C:\xampp\htdocs\REST\app\Controllers\Crud\BukuDIgitalController.php(29): CodeIgniter\BaseModel->first()
#7 C:\xampp\htdocs\REST\system\CodeIgniter.php(932): App\Controllers\Crud\BukuDigitalController->create()
#8 C:\xampp\htdocs\REST\system\CodeIgniter.php(497): CodeIgniter\CodeIgniter->runController(Object(App\Controllers\Crud\BukuDigitalController))
#9 C:\xampp\htdocs\REST\system\CodeIgniter.php(366): CodeIgniter\CodeIgniter->handleRequest(NULL, Object(Config\Cache), false)
#10 C:\xampp\htdocs\REST\public\index.php(67): CodeIgniter\CodeIgniter->run()
#11 C:\xampp\htdocs\REST\system\Commands\Server\rewrite.php(47): require_once('C:\\xampp\\htdocs...')
#12 {main}
CRITICAL - 2023-12-14 11:21:51 --> Table 'rest-perpustakaan.bukudigital' doesn't exist
in SYSTEMPATH\Database\MySQLi\Connection.php on line 295.
 1 SYSTEMPATH\Database\MySQLi\Connection.php(295): mysqli->query('SELECT *
FROM `bukudigital`
WHERE `kode_buku` = \'BKD001\'
 LIMIT 1', 0)
 2 SYSTEMPATH\Database\BaseConnection.php(692): CodeIgniter\Database\MySQLi\Connection->execute('SELECT *
FROM `bukudigital`
WHERE `kode_buku` = \'BKD001\'
 LIMIT 1')
 3 SYSTEMPATH\Database\BaseConnection.php(606): CodeIgniter\Database\BaseConnection->simpleQuery('SELECT *
FROM `bukudigital`
WHERE `kode_buku` = \'BKD001\'
 LIMIT 1')
 4 SYSTEMPATH\Database\BaseBuilder.php(1616): CodeIgniter\Database\BaseConnection->query('SELECT *
FROM `bukudigital`
WHERE `kode_buku` = :kode_buku:
 LIMIT 1', [...], false)
 5 SYSTEMPATH\Model.php(268): CodeIgniter\Database\BaseBuilder->get()
 6 SYSTEMPATH\BaseModel.php(656): CodeIgniter\Model->doFirst()
 7 APPPATH\Controllers\Crud\BukuDIgitalController.php(29): CodeIgniter\BaseModel->first()
 8 SYSTEMPATH\CodeIgniter.php(932): App\Controllers\Crud\BukuDigitalController->create()
 9 SYSTEMPATH\CodeIgniter.php(497): CodeIgniter\CodeIgniter->runController(Object(App\Controllers\Crud\BukuDigitalController))
10 SYSTEMPATH\CodeIgniter.php(366): CodeIgniter\CodeIgniter->handleRequest(null, Object(Config\Cache), false)
11 FCPATH\index.php(67): CodeIgniter\CodeIgniter->run()
12 SYSTEMPATH\Commands\Server\rewrite.php(47): require_once('C:\\xampp\\htdocs\\REST\\public\\index.php')
ERROR - 2023-12-14 11:21:56 --> mysqli_sql_exception: Table 'rest-perpustakaan.bukudigital' doesn't exist in C:\xampp\htdocs\REST\system\Database\MySQLi\Connection.php:295
Stack trace:
#0 C:\xampp\htdocs\REST\system\Database\MySQLi\Connection.php(295): mysqli->query('SELECT *\nFROM `...', 0)
#1 C:\xampp\htdocs\REST\system\Database\BaseConnection.php(692): CodeIgniter\Database\MySQLi\Connection->execute('SELECT *\nFROM `...')
#2 C:\xampp\htdocs\REST\system\Database\BaseConnection.php(606): CodeIgniter\Database\BaseConnection->simpleQuery('SELECT *\nFROM `...')
#3 C:\xampp\htdocs\REST\system\Database\BaseBuilder.php(1616): CodeIgniter\Database\BaseConnection->query('SELECT *\nFROM `...', Array, false)
#4 C:\xampp\htdocs\REST\system\Model.php(268): CodeIgniter\Database\BaseBuilder->get()
#5 C:\xampp\htdocs\REST\system\BaseModel.php(656): CodeIgniter\Model->doFirst()
#6 C:\xampp\htdocs\REST\app\Controllers\Crud\BukuDIgitalController.php(29): CodeIgniter\BaseModel->first()
#7 C:\xampp\htdocs\REST\system\CodeIgniter.php(932): App\Controllers\Crud\BukuDigitalController->create()
#8 C:\xampp\htdocs\REST\system\CodeIgniter.php(497): CodeIgniter\CodeIgniter->runController(Object(App\Controllers\Crud\BukuDigitalController))
#9 C:\xampp\htdocs\REST\system\CodeIgniter.php(366): CodeIgniter\CodeIgniter->handleRequest(NULL, Object(Config\Cache), false)
#10 C:\xampp\htdocs\REST\public\index.php(67): CodeIgniter\CodeIgniter->run()
#11 C:\xampp\htdocs\REST\system\Commands\Server\rewrite.php(47): require_once('C:\\xampp\\htdocs...')
#12 {main}
CRITICAL - 2023-12-14 11:21:56 --> Table 'rest-perpustakaan.bukudigital' doesn't exist
in SYSTEMPATH\Database\MySQLi\Connection.php on line 295.
 1 SYSTEMPATH\Database\MySQLi\Connection.php(295): mysqli->query('SELECT *
FROM `bukudigital`
WHERE `kode_buku` = \'BKD001\'
 LIMIT 1', 0)
 2 SYSTEMPATH\Database\BaseConnection.php(692): CodeIgniter\Database\MySQLi\Connection->execute('SELECT *
FROM `bukudigital`
WHERE `kode_buku` = \'BKD001\'
 LIMIT 1')
 3 SYSTEMPATH\Database\BaseConnection.php(606): CodeIgniter\Database\BaseConnection->simpleQuery('SELECT *
FROM `bukudigital`
WHERE `kode_buku` = \'BKD001\'
 LIMIT 1')
 4 SYSTEMPATH\Database\BaseBuilder.php(1616): CodeIgniter\Database\BaseConnection->query('SELECT *
FROM `bukudigital`
WHERE `kode_buku` = :kode_buku:
 LIMIT 1', [...], false)
 5 SYSTEMPATH\Model.php(268): CodeIgniter\Database\BaseBuilder->get()
 6 SYSTEMPATH\BaseModel.php(656): CodeIgniter\Model->doFirst()
 7 APPPATH\Controllers\Crud\BukuDIgitalController.php(29): CodeIgniter\BaseModel->first()
 8 SYSTEMPATH\CodeIgniter.php(932): App\Controllers\Crud\BukuDigitalController->create()
 9 SYSTEMPATH\CodeIgniter.php(497): CodeIgniter\CodeIgniter->runController(Object(App\Controllers\Crud\BukuDigitalController))
10 SYSTEMPATH\CodeIgniter.php(366): CodeIgniter\CodeIgniter->handleRequest(null, Object(Config\Cache), false)
11 FCPATH\index.php(67): CodeIgniter\CodeIgniter->run()
12 SYSTEMPATH\Commands\Server\rewrite.php(47): require_once('C:\\xampp\\htdocs\\REST\\public\\index.php')
ERROR - 2023-12-14 11:22:01 --> mysqli_sql_exception: Table 'rest-perpustakaan.bukudigital' doesn't exist in C:\xampp\htdocs\REST\system\Database\MySQLi\Connection.php:295
Stack trace:
#0 C:\xampp\htdocs\REST\system\Database\MySQLi\Connection.php(295): mysqli->query('SELECT *\nFROM `...', 0)
#1 C:\xampp\htdocs\REST\system\Database\BaseConnection.php(692): CodeIgniter\Database\MySQLi\Connection->execute('SELECT *\nFROM `...')
#2 C:\xampp\htdocs\REST\system\Database\BaseConnection.php(606): CodeIgniter\Database\BaseConnection->simpleQuery('SELECT *\nFROM `...')
#3 C:\xampp\htdocs\REST\system\Database\BaseBuilder.php(1616): CodeIgniter\Database\BaseConnection->query('SELECT *\nFROM `...', Array, false)
#4 C:\xampp\htdocs\REST\system\Model.php(268): CodeIgniter\Database\BaseBuilder->get()
#5 C:\xampp\htdocs\REST\system\BaseModel.php(656): CodeIgniter\Model->doFirst()
#6 C:\xampp\htdocs\REST\app\Controllers\Crud\BukuDIgitalController.php(29): CodeIgniter\BaseModel->first()
#7 C:\xampp\htdocs\REST\system\CodeIgniter.php(932): App\Controllers\Crud\BukuDigitalController->create()
#8 C:\xampp\htdocs\REST\system\CodeIgniter.php(497): CodeIgniter\CodeIgniter->runController(Object(App\Controllers\Crud\BukuDigitalController))
#9 C:\xampp\htdocs\REST\system\CodeIgniter.php(366): CodeIgniter\CodeIgniter->handleRequest(NULL, Object(Config\Cache), false)
#10 C:\xampp\htdocs\REST\public\index.php(67): CodeIgniter\CodeIgniter->run()
#11 C:\xampp\htdocs\REST\system\Commands\Server\rewrite.php(47): require_once('C:\\xampp\\htdocs...')
#12 {main}
CRITICAL - 2023-12-14 11:22:01 --> Table 'rest-perpustakaan.bukudigital' doesn't exist
in SYSTEMPATH\Database\MySQLi\Connection.php on line 295.
 1 SYSTEMPATH\Database\MySQLi\Connection.php(295): mysqli->query('SELECT *
FROM `bukudigital`
WHERE `kode_buku` = \'BKD001\'
 LIMIT 1', 0)
 2 SYSTEMPATH\Database\BaseConnection.php(692): CodeIgniter\Database\MySQLi\Connection->execute('SELECT *
FROM `bukudigital`
WHERE `kode_buku` = \'BKD001\'
 LIMIT 1')
 3 SYSTEMPATH\Database\BaseConnection.php(606): CodeIgniter\Database\BaseConnection->simpleQuery('SELECT *
FROM `bukudigital`
WHERE `kode_buku` = \'BKD001\'
 LIMIT 1')
 4 SYSTEMPATH\Database\BaseBuilder.php(1616): CodeIgniter\Database\BaseConnection->query('SELECT *
FROM `bukudigital`
WHERE `kode_buku` = :kode_buku:
 LIMIT 1', [...], false)
 5 SYSTEMPATH\Model.php(268): CodeIgniter\Database\BaseBuilder->get()
 6 SYSTEMPATH\BaseModel.php(656): CodeIgniter\Model->doFirst()
 7 APPPATH\Controllers\Crud\BukuDIgitalController.php(29): CodeIgniter\BaseModel->first()
 8 SYSTEMPATH\CodeIgniter.php(932): App\Controllers\Crud\BukuDigitalController->create()
 9 SYSTEMPATH\CodeIgniter.php(497): CodeIgniter\CodeIgniter->runController(Object(App\Controllers\Crud\BukuDigitalController))
10 SYSTEMPATH\CodeIgniter.php(366): CodeIgniter\CodeIgniter->handleRequest(null, Object(Config\Cache), false)
11 FCPATH\index.php(67): CodeIgniter\CodeIgniter->run()
12 SYSTEMPATH\Commands\Server\rewrite.php(47): require_once('C:\\xampp\\htdocs\\REST\\public\\index.php')
