ERROR - 2023-09-24 07:42:17 --> mysqli_sql_exception: Column 'nomor_anggota' cannot be null in C:\xampp\htdocs\REST\system\Database\MySQLi\Connection.php:295
Stack trace:
#0 C:\xampp\htdocs\REST\system\Database\MySQLi\Connection.php(295): mysqli->query('INSERT INTO `pe...', 0)
#1 C:\xampp\htdocs\REST\system\Database\BaseConnection.php(692): CodeIgniter\Database\MySQLi\Connection->execute('INSERT INTO `pe...')
#2 C:\xampp\htdocs\REST\system\Database\BaseConnection.php(606): CodeIgniter\Database\BaseConnection->simpleQuery('INSERT INTO `pe...')
#3 C:\xampp\htdocs\REST\system\Database\BaseBuilder.php(2309): CodeIgniter\Database\BaseConnection->query('INSERT INTO `pe...', Array, false)
#4 C:\xampp\htdocs\REST\system\Model.php(330): CodeIgniter\Database\BaseBuilder->insert()
#5 C:\xampp\htdocs\REST\system\BaseModel.php(782): CodeIgniter\Model->doInsert(Array)
#6 C:\xampp\htdocs\REST\system\Model.php(730): CodeIgniter\BaseModel->insert(Array, true)
#7 C:\xampp\htdocs\REST\app\Controllers\Crud\PeminjamanController.php(52): CodeIgniter\Model->insert(Array)
#8 C:\xampp\htdocs\REST\system\CodeIgniter.php(932): App\Controllers\Crud\PeminjamanController->create()
#9 C:\xampp\htdocs\REST\system\CodeIgniter.php(497): CodeIgniter\CodeIgniter->runController(Object(App\Controllers\Crud\PeminjamanController))
#10 C:\xampp\htdocs\REST\system\CodeIgniter.php(366): CodeIgniter\CodeIgniter->handleRequest(NULL, Object(Config\Cache), false)
#11 C:\xampp\htdocs\REST\public\index.php(67): CodeIgniter\CodeIgniter->run()
#12 C:\xampp\htdocs\REST\system\Commands\Server\rewrite.php(47): require_once('C:\\xampp\\htdocs...')
#13 {main}
CRITICAL - 2023-09-24 07:42:17 --> Column 'nomor_anggota' cannot be null
in SYSTEMPATH\Database\MySQLi\Connection.php on line 295.
 1 SYSTEMPATH\Database\MySQLi\Connection.php(295): mysqli->query('INSERT INTO `peminjaman` (`kode_buku`, `nomor_anggota`, `status`, `tanggal_peminjaman`, `tanggal_pengembalian`) VALUES (\'BK001\', NULL, \'Pinjam\', \'2023-09-24\', \'2023-09-27\')', 0)
 2 SYSTEMPATH\Database\BaseConnection.php(692): CodeIgniter\Database\MySQLi\Connection->execute('INSERT INTO `peminjaman` (`kode_buku`, `nomor_anggota`, `status`, `tanggal_peminjaman`, `tanggal_pengembalian`) VALUES (\'BK001\', NULL, \'Pinjam\', \'2023-09-24\', \'2023-09-27\')')
 3 SYSTEMPATH\Database\BaseConnection.php(606): CodeIgniter\Database\BaseConnection->simpleQuery('INSERT INTO `peminjaman` (`kode_buku`, `nomor_anggota`, `status`, `tanggal_peminjaman`, `tanggal_pengembalian`) VALUES (\'BK001\', NULL, \'Pinjam\', \'2023-09-24\', \'2023-09-27\')')
 4 SYSTEMPATH\Database\BaseBuilder.php(2309): CodeIgniter\Database\BaseConnection->query('INSERT INTO `peminjaman` (`kode_buku`, `nomor_anggota`, `status`, `tanggal_peminjaman`, `tanggal_pengembalian`) VALUES (:kode_buku:, :nomor_anggota:, :status:, :tanggal_peminjaman:, :tanggal_pengembalian:)', [...], false)
 5 SYSTEMPATH\Model.php(330): CodeIgniter\Database\BaseBuilder->insert()
 6 SYSTEMPATH\BaseModel.php(782): CodeIgniter\Model->doInsert([...])
 7 SYSTEMPATH\Model.php(730): CodeIgniter\BaseModel->insert([...], true)
 8 APPPATH\Controllers\Crud\PeminjamanController.php(52): CodeIgniter\Model->insert([...])
 9 SYSTEMPATH\CodeIgniter.php(932): App\Controllers\Crud\PeminjamanController->create()
10 SYSTEMPATH\CodeIgniter.php(497): CodeIgniter\CodeIgniter->runController(Object(App\Controllers\Crud\PeminjamanController))
11 SYSTEMPATH\CodeIgniter.php(366): CodeIgniter\CodeIgniter->handleRequest(null, Object(Config\Cache), false)
12 FCPATH\index.php(67): CodeIgniter\CodeIgniter->run()
13 SYSTEMPATH\Commands\Server\rewrite.php(47): require_once('C:\\xampp\\htdocs\\REST\\public\\index.php')
ERROR - 2023-09-24 07:42:25 --> mysqli_sql_exception: Column 'nomor_anggota' cannot be null in C:\xampp\htdocs\REST\system\Database\MySQLi\Connection.php:295
Stack trace:
#0 C:\xampp\htdocs\REST\system\Database\MySQLi\Connection.php(295): mysqli->query('INSERT INTO `pe...', 0)
#1 C:\xampp\htdocs\REST\system\Database\BaseConnection.php(692): CodeIgniter\Database\MySQLi\Connection->execute('INSERT INTO `pe...')
#2 C:\xampp\htdocs\REST\system\Database\BaseConnection.php(606): CodeIgniter\Database\BaseConnection->simpleQuery('INSERT INTO `pe...')
#3 C:\xampp\htdocs\REST\system\Database\BaseBuilder.php(2309): CodeIgniter\Database\BaseConnection->query('INSERT INTO `pe...', Array, false)
#4 C:\xampp\htdocs\REST\system\Model.php(330): CodeIgniter\Database\BaseBuilder->insert()
#5 C:\xampp\htdocs\REST\system\BaseModel.php(782): CodeIgniter\Model->doInsert(Array)
#6 C:\xampp\htdocs\REST\system\Model.php(730): CodeIgniter\BaseModel->insert(Array, true)
#7 C:\xampp\htdocs\REST\app\Controllers\Crud\PeminjamanController.php(52): CodeIgniter\Model->insert(Array)
#8 C:\xampp\htdocs\REST\system\CodeIgniter.php(932): App\Controllers\Crud\PeminjamanController->create()
#9 C:\xampp\htdocs\REST\system\CodeIgniter.php(497): CodeIgniter\CodeIgniter->runController(Object(App\Controllers\Crud\PeminjamanController))
#10 C:\xampp\htdocs\REST\system\CodeIgniter.php(366): CodeIgniter\CodeIgniter->handleRequest(NULL, Object(Config\Cache), false)
#11 C:\xampp\htdocs\REST\public\index.php(67): CodeIgniter\CodeIgniter->run()
#12 C:\xampp\htdocs\REST\system\Commands\Server\rewrite.php(47): require_once('C:\\xampp\\htdocs...')
#13 {main}
CRITICAL - 2023-09-24 07:42:25 --> Column 'nomor_anggota' cannot be null
in SYSTEMPATH\Database\MySQLi\Connection.php on line 295.
 1 SYSTEMPATH\Database\MySQLi\Connection.php(295): mysqli->query('INSERT INTO `peminjaman` (`kode_buku`, `nomor_anggota`, `status`, `tanggal_peminjaman`, `tanggal_pengembalian`) VALUES (\'BK001\', NULL, \'Pinjam\', \'2023-09-24\', \'2023-09-27\')', 0)
 2 SYSTEMPATH\Database\BaseConnection.php(692): CodeIgniter\Database\MySQLi\Connection->execute('INSERT INTO `peminjaman` (`kode_buku`, `nomor_anggota`, `status`, `tanggal_peminjaman`, `tanggal_pengembalian`) VALUES (\'BK001\', NULL, \'Pinjam\', \'2023-09-24\', \'2023-09-27\')')
 3 SYSTEMPATH\Database\BaseConnection.php(606): CodeIgniter\Database\BaseConnection->simpleQuery('INSERT INTO `peminjaman` (`kode_buku`, `nomor_anggota`, `status`, `tanggal_peminjaman`, `tanggal_pengembalian`) VALUES (\'BK001\', NULL, \'Pinjam\', \'2023-09-24\', \'2023-09-27\')')
 4 SYSTEMPATH\Database\BaseBuilder.php(2309): CodeIgniter\Database\BaseConnection->query('INSERT INTO `peminjaman` (`kode_buku`, `nomor_anggota`, `status`, `tanggal_peminjaman`, `tanggal_pengembalian`) VALUES (:kode_buku:, :nomor_anggota:, :status:, :tanggal_peminjaman:, :tanggal_pengembalian:)', [...], false)
 5 SYSTEMPATH\Model.php(330): CodeIgniter\Database\BaseBuilder->insert()
 6 SYSTEMPATH\BaseModel.php(782): CodeIgniter\Model->doInsert([...])
 7 SYSTEMPATH\Model.php(730): CodeIgniter\BaseModel->insert([...], true)
 8 APPPATH\Controllers\Crud\PeminjamanController.php(52): CodeIgniter\Model->insert([...])
 9 SYSTEMPATH\CodeIgniter.php(932): App\Controllers\Crud\PeminjamanController->create()
10 SYSTEMPATH\CodeIgniter.php(497): CodeIgniter\CodeIgniter->runController(Object(App\Controllers\Crud\PeminjamanController))
11 SYSTEMPATH\CodeIgniter.php(366): CodeIgniter\CodeIgniter->handleRequest(null, Object(Config\Cache), false)
12 FCPATH\index.php(67): CodeIgniter\CodeIgniter->run()
13 SYSTEMPATH\Commands\Server\rewrite.php(47): require_once('C:\\xampp\\htdocs\\REST\\public\\index.php')
ERROR - 2023-09-24 07:42:34 --> mysqli_sql_exception: Column 'nomor_anggota' cannot be null in C:\xampp\htdocs\REST\system\Database\MySQLi\Connection.php:295
Stack trace:
#0 C:\xampp\htdocs\REST\system\Database\MySQLi\Connection.php(295): mysqli->query('INSERT INTO `pe...', 0)
#1 C:\xampp\htdocs\REST\system\Database\BaseConnection.php(692): CodeIgniter\Database\MySQLi\Connection->execute('INSERT INTO `pe...')
#2 C:\xampp\htdocs\REST\system\Database\BaseConnection.php(606): CodeIgniter\Database\BaseConnection->simpleQuery('INSERT INTO `pe...')
#3 C:\xampp\htdocs\REST\system\Database\BaseBuilder.php(2309): CodeIgniter\Database\BaseConnection->query('INSERT INTO `pe...', Array, false)
#4 C:\xampp\htdocs\REST\system\Model.php(330): CodeIgniter\Database\BaseBuilder->insert()
#5 C:\xampp\htdocs\REST\system\BaseModel.php(782): CodeIgniter\Model->doInsert(Array)
#6 C:\xampp\htdocs\REST\system\Model.php(730): CodeIgniter\BaseModel->insert(Array, true)
#7 C:\xampp\htdocs\REST\app\Controllers\Crud\PeminjamanController.php(52): CodeIgniter\Model->insert(Array)
#8 C:\xampp\htdocs\REST\system\CodeIgniter.php(932): App\Controllers\Crud\PeminjamanController->create()
#9 C:\xampp\htdocs\REST\system\CodeIgniter.php(497): CodeIgniter\CodeIgniter->runController(Object(App\Controllers\Crud\PeminjamanController))
#10 C:\xampp\htdocs\REST\system\CodeIgniter.php(366): CodeIgniter\CodeIgniter->handleRequest(NULL, Object(Config\Cache), false)
#11 C:\xampp\htdocs\REST\public\index.php(67): CodeIgniter\CodeIgniter->run()
#12 C:\xampp\htdocs\REST\system\Commands\Server\rewrite.php(47): require_once('C:\\xampp\\htdocs...')
#13 {main}
CRITICAL - 2023-09-24 07:42:34 --> Column 'nomor_anggota' cannot be null
in SYSTEMPATH\Database\MySQLi\Connection.php on line 295.
 1 SYSTEMPATH\Database\MySQLi\Connection.php(295): mysqli->query('INSERT INTO `peminjaman` (`kode_buku`, `nomor_anggota`, `status`, `tanggal_peminjaman`, `tanggal_pengembalian`) VALUES (\'BK001\', NULL, \'Pinjam\', \'2023-09-24\', \'2023-09-27\')', 0)
 2 SYSTEMPATH\Database\BaseConnection.php(692): CodeIgniter\Database\MySQLi\Connection->execute('INSERT INTO `peminjaman` (`kode_buku`, `nomor_anggota`, `status`, `tanggal_peminjaman`, `tanggal_pengembalian`) VALUES (\'BK001\', NULL, \'Pinjam\', \'2023-09-24\', \'2023-09-27\')')
 3 SYSTEMPATH\Database\BaseConnection.php(606): CodeIgniter\Database\BaseConnection->simpleQuery('INSERT INTO `peminjaman` (`kode_buku`, `nomor_anggota`, `status`, `tanggal_peminjaman`, `tanggal_pengembalian`) VALUES (\'BK001\', NULL, \'Pinjam\', \'2023-09-24\', \'2023-09-27\')')
 4 SYSTEMPATH\Database\BaseBuilder.php(2309): CodeIgniter\Database\BaseConnection->query('INSERT INTO `peminjaman` (`kode_buku`, `nomor_anggota`, `status`, `tanggal_peminjaman`, `tanggal_pengembalian`) VALUES (:kode_buku:, :nomor_anggota:, :status:, :tanggal_peminjaman:, :tanggal_pengembalian:)', [...], false)
 5 SYSTEMPATH\Model.php(330): CodeIgniter\Database\BaseBuilder->insert()
 6 SYSTEMPATH\BaseModel.php(782): CodeIgniter\Model->doInsert([...])
 7 SYSTEMPATH\Model.php(730): CodeIgniter\BaseModel->insert([...], true)
 8 APPPATH\Controllers\Crud\PeminjamanController.php(52): CodeIgniter\Model->insert([...])
 9 SYSTEMPATH\CodeIgniter.php(932): App\Controllers\Crud\PeminjamanController->create()
10 SYSTEMPATH\CodeIgniter.php(497): CodeIgniter\CodeIgniter->runController(Object(App\Controllers\Crud\PeminjamanController))
11 SYSTEMPATH\CodeIgniter.php(366): CodeIgniter\CodeIgniter->handleRequest(null, Object(Config\Cache), false)
12 FCPATH\index.php(67): CodeIgniter\CodeIgniter->run()
13 SYSTEMPATH\Commands\Server\rewrite.php(47): require_once('C:\\xampp\\htdocs\\REST\\public\\index.php')
ERROR - 2023-09-24 07:43:28 --> mysqli_sql_exception: Column 'nomor_anggota' cannot be null in C:\xampp\htdocs\REST\system\Database\MySQLi\Connection.php:295
Stack trace:
#0 C:\xampp\htdocs\REST\system\Database\MySQLi\Connection.php(295): mysqli->query('INSERT INTO `pe...', 0)
#1 C:\xampp\htdocs\REST\system\Database\BaseConnection.php(692): CodeIgniter\Database\MySQLi\Connection->execute('INSERT INTO `pe...')
#2 C:\xampp\htdocs\REST\system\Database\BaseConnection.php(606): CodeIgniter\Database\BaseConnection->simpleQuery('INSERT INTO `pe...')
#3 C:\xampp\htdocs\REST\system\Database\BaseBuilder.php(2309): CodeIgniter\Database\BaseConnection->query('INSERT INTO `pe...', Array, false)
#4 C:\xampp\htdocs\REST\system\Model.php(330): CodeIgniter\Database\BaseBuilder->insert()
#5 C:\xampp\htdocs\REST\system\BaseModel.php(782): CodeIgniter\Model->doInsert(Array)
#6 C:\xampp\htdocs\REST\system\Model.php(730): CodeIgniter\BaseModel->insert(Array, true)
#7 C:\xampp\htdocs\REST\app\Controllers\Crud\PeminjamanController.php(52): CodeIgniter\Model->insert(Array)
#8 C:\xampp\htdocs\REST\system\CodeIgniter.php(932): App\Controllers\Crud\PeminjamanController->create()
#9 C:\xampp\htdocs\REST\system\CodeIgniter.php(497): CodeIgniter\CodeIgniter->runController(Object(App\Controllers\Crud\PeminjamanController))
#10 C:\xampp\htdocs\REST\system\CodeIgniter.php(366): CodeIgniter\CodeIgniter->handleRequest(NULL, Object(Config\Cache), false)
#11 C:\xampp\htdocs\REST\public\index.php(67): CodeIgniter\CodeIgniter->run()
#12 C:\xampp\htdocs\REST\system\Commands\Server\rewrite.php(47): require_once('C:\\xampp\\htdocs...')
#13 {main}
CRITICAL - 2023-09-24 07:43:28 --> Column 'nomor_anggota' cannot be null
in SYSTEMPATH\Database\MySQLi\Connection.php on line 295.
 1 SYSTEMPATH\Database\MySQLi\Connection.php(295): mysqli->query('INSERT INTO `peminjaman` (`kode_buku`, `nomor_anggota`, `status`, `tanggal_peminjaman`, `tanggal_pengembalian`) VALUES (\'BK001\', NULL, \'Pinjam\', \'2023-09-24\', \'2023-09-27\')', 0)
 2 SYSTEMPATH\Database\BaseConnection.php(692): CodeIgniter\Database\MySQLi\Connection->execute('INSERT INTO `peminjaman` (`kode_buku`, `nomor_anggota`, `status`, `tanggal_peminjaman`, `tanggal_pengembalian`) VALUES (\'BK001\', NULL, \'Pinjam\', \'2023-09-24\', \'2023-09-27\')')
 3 SYSTEMPATH\Database\BaseConnection.php(606): CodeIgniter\Database\BaseConnection->simpleQuery('INSERT INTO `peminjaman` (`kode_buku`, `nomor_anggota`, `status`, `tanggal_peminjaman`, `tanggal_pengembalian`) VALUES (\'BK001\', NULL, \'Pinjam\', \'2023-09-24\', \'2023-09-27\')')
 4 SYSTEMPATH\Database\BaseBuilder.php(2309): CodeIgniter\Database\BaseConnection->query('INSERT INTO `peminjaman` (`kode_buku`, `nomor_anggota`, `status`, `tanggal_peminjaman`, `tanggal_pengembalian`) VALUES (:kode_buku:, :nomor_anggota:, :status:, :tanggal_peminjaman:, :tanggal_pengembalian:)', [...], false)
 5 SYSTEMPATH\Model.php(330): CodeIgniter\Database\BaseBuilder->insert()
 6 SYSTEMPATH\BaseModel.php(782): CodeIgniter\Model->doInsert([...])
 7 SYSTEMPATH\Model.php(730): CodeIgniter\BaseModel->insert([...], true)
 8 APPPATH\Controllers\Crud\PeminjamanController.php(52): CodeIgniter\Model->insert([...])
 9 SYSTEMPATH\CodeIgniter.php(932): App\Controllers\Crud\PeminjamanController->create()
10 SYSTEMPATH\CodeIgniter.php(497): CodeIgniter\CodeIgniter->runController(Object(App\Controllers\Crud\PeminjamanController))
11 SYSTEMPATH\CodeIgniter.php(366): CodeIgniter\CodeIgniter->handleRequest(null, Object(Config\Cache), false)
12 FCPATH\index.php(67): CodeIgniter\CodeIgniter->run()
13 SYSTEMPATH\Commands\Server\rewrite.php(47): require_once('C:\\xampp\\htdocs\\REST\\public\\index.php')
ERROR - 2023-09-24 07:43:34 --> mysqli_sql_exception: Column 'nomor_anggota' cannot be null in C:\xampp\htdocs\REST\system\Database\MySQLi\Connection.php:295
Stack trace:
#0 C:\xampp\htdocs\REST\system\Database\MySQLi\Connection.php(295): mysqli->query('INSERT INTO `pe...', 0)
#1 C:\xampp\htdocs\REST\system\Database\BaseConnection.php(692): CodeIgniter\Database\MySQLi\Connection->execute('INSERT INTO `pe...')
#2 C:\xampp\htdocs\REST\system\Database\BaseConnection.php(606): CodeIgniter\Database\BaseConnection->simpleQuery('INSERT INTO `pe...')
#3 C:\xampp\htdocs\REST\system\Database\BaseBuilder.php(2309): CodeIgniter\Database\BaseConnection->query('INSERT INTO `pe...', Array, false)
#4 C:\xampp\htdocs\REST\system\Model.php(330): CodeIgniter\Database\BaseBuilder->insert()
#5 C:\xampp\htdocs\REST\system\BaseModel.php(782): CodeIgniter\Model->doInsert(Array)
#6 C:\xampp\htdocs\REST\system\Model.php(730): CodeIgniter\BaseModel->insert(Array, true)
#7 C:\xampp\htdocs\REST\app\Controllers\Crud\PeminjamanController.php(52): CodeIgniter\Model->insert(Array)
#8 C:\xampp\htdocs\REST\system\CodeIgniter.php(932): App\Controllers\Crud\PeminjamanController->create()
#9 C:\xampp\htdocs\REST\system\CodeIgniter.php(497): CodeIgniter\CodeIgniter->runController(Object(App\Controllers\Crud\PeminjamanController))
#10 C:\xampp\htdocs\REST\system\CodeIgniter.php(366): CodeIgniter\CodeIgniter->handleRequest(NULL, Object(Config\Cache), false)
#11 C:\xampp\htdocs\REST\public\index.php(67): CodeIgniter\CodeIgniter->run()
#12 C:\xampp\htdocs\REST\system\Commands\Server\rewrite.php(47): require_once('C:\\xampp\\htdocs...')
#13 {main}
CRITICAL - 2023-09-24 07:43:34 --> Column 'nomor_anggota' cannot be null
in SYSTEMPATH\Database\MySQLi\Connection.php on line 295.
 1 SYSTEMPATH\Database\MySQLi\Connection.php(295): mysqli->query('INSERT INTO `peminjaman` (`kode_buku`, `nomor_anggota`, `status`, `tanggal_peminjaman`, `tanggal_pengembalian`) VALUES (\'BK001\', NULL, \'Pinjam\', \'2023-09-24\', \'2023-09-27\')', 0)
 2 SYSTEMPATH\Database\BaseConnection.php(692): CodeIgniter\Database\MySQLi\Connection->execute('INSERT INTO `peminjaman` (`kode_buku`, `nomor_anggota`, `status`, `tanggal_peminjaman`, `tanggal_pengembalian`) VALUES (\'BK001\', NULL, \'Pinjam\', \'2023-09-24\', \'2023-09-27\')')
 3 SYSTEMPATH\Database\BaseConnection.php(606): CodeIgniter\Database\BaseConnection->simpleQuery('INSERT INTO `peminjaman` (`kode_buku`, `nomor_anggota`, `status`, `tanggal_peminjaman`, `tanggal_pengembalian`) VALUES (\'BK001\', NULL, \'Pinjam\', \'2023-09-24\', \'2023-09-27\')')
 4 SYSTEMPATH\Database\BaseBuilder.php(2309): CodeIgniter\Database\BaseConnection->query('INSERT INTO `peminjaman` (`kode_buku`, `nomor_anggota`, `status`, `tanggal_peminjaman`, `tanggal_pengembalian`) VALUES (:kode_buku:, :nomor_anggota:, :status:, :tanggal_peminjaman:, :tanggal_pengembalian:)', [...], false)
 5 SYSTEMPATH\Model.php(330): CodeIgniter\Database\BaseBuilder->insert()
 6 SYSTEMPATH\BaseModel.php(782): CodeIgniter\Model->doInsert([...])
 7 SYSTEMPATH\Model.php(730): CodeIgniter\BaseModel->insert([...], true)
 8 APPPATH\Controllers\Crud\PeminjamanController.php(52): CodeIgniter\Model->insert([...])
 9 SYSTEMPATH\CodeIgniter.php(932): App\Controllers\Crud\PeminjamanController->create()
10 SYSTEMPATH\CodeIgniter.php(497): CodeIgniter\CodeIgniter->runController(Object(App\Controllers\Crud\PeminjamanController))
11 SYSTEMPATH\CodeIgniter.php(366): CodeIgniter\CodeIgniter->handleRequest(null, Object(Config\Cache), false)
12 FCPATH\index.php(67): CodeIgniter\CodeIgniter->run()
13 SYSTEMPATH\Commands\Server\rewrite.php(47): require_once('C:\\xampp\\htdocs\\REST\\public\\index.php')
ERROR - 2023-09-24 07:43:39 --> mysqli_sql_exception: Column 'nomor_anggota' cannot be null in C:\xampp\htdocs\REST\system\Database\MySQLi\Connection.php:295
Stack trace:
#0 C:\xampp\htdocs\REST\system\Database\MySQLi\Connection.php(295): mysqli->query('INSERT INTO `pe...', 0)
#1 C:\xampp\htdocs\REST\system\Database\BaseConnection.php(692): CodeIgniter\Database\MySQLi\Connection->execute('INSERT INTO `pe...')
#2 C:\xampp\htdocs\REST\system\Database\BaseConnection.php(606): CodeIgniter\Database\BaseConnection->simpleQuery('INSERT INTO `pe...')
#3 C:\xampp\htdocs\REST\system\Database\BaseBuilder.php(2309): CodeIgniter\Database\BaseConnection->query('INSERT INTO `pe...', Array, false)
#4 C:\xampp\htdocs\REST\system\Model.php(330): CodeIgniter\Database\BaseBuilder->insert()
#5 C:\xampp\htdocs\REST\system\BaseModel.php(782): CodeIgniter\Model->doInsert(Array)
#6 C:\xampp\htdocs\REST\system\Model.php(730): CodeIgniter\BaseModel->insert(Array, true)
#7 C:\xampp\htdocs\REST\app\Controllers\Crud\PeminjamanController.php(52): CodeIgniter\Model->insert(Array)
#8 C:\xampp\htdocs\REST\system\CodeIgniter.php(932): App\Controllers\Crud\PeminjamanController->create()
#9 C:\xampp\htdocs\REST\system\CodeIgniter.php(497): CodeIgniter\CodeIgniter->runController(Object(App\Controllers\Crud\PeminjamanController))
#10 C:\xampp\htdocs\REST\system\CodeIgniter.php(366): CodeIgniter\CodeIgniter->handleRequest(NULL, Object(Config\Cache), false)
#11 C:\xampp\htdocs\REST\public\index.php(67): CodeIgniter\CodeIgniter->run()
#12 C:\xampp\htdocs\REST\system\Commands\Server\rewrite.php(47): require_once('C:\\xampp\\htdocs...')
#13 {main}
CRITICAL - 2023-09-24 07:43:39 --> Column 'nomor_anggota' cannot be null
in SYSTEMPATH\Database\MySQLi\Connection.php on line 295.
 1 SYSTEMPATH\Database\MySQLi\Connection.php(295): mysqli->query('INSERT INTO `peminjaman` (`kode_buku`, `nomor_anggota`, `status`, `tanggal_peminjaman`, `tanggal_pengembalian`) VALUES (\'BK001\', NULL, \'Pinjam\', \'2023-09-24\', \'2023-09-27\')', 0)
 2 SYSTEMPATH\Database\BaseConnection.php(692): CodeIgniter\Database\MySQLi\Connection->execute('INSERT INTO `peminjaman` (`kode_buku`, `nomor_anggota`, `status`, `tanggal_peminjaman`, `tanggal_pengembalian`) VALUES (\'BK001\', NULL, \'Pinjam\', \'2023-09-24\', \'2023-09-27\')')
 3 SYSTEMPATH\Database\BaseConnection.php(606): CodeIgniter\Database\BaseConnection->simpleQuery('INSERT INTO `peminjaman` (`kode_buku`, `nomor_anggota`, `status`, `tanggal_peminjaman`, `tanggal_pengembalian`) VALUES (\'BK001\', NULL, \'Pinjam\', \'2023-09-24\', \'2023-09-27\')')
 4 SYSTEMPATH\Database\BaseBuilder.php(2309): CodeIgniter\Database\BaseConnection->query('INSERT INTO `peminjaman` (`kode_buku`, `nomor_anggota`, `status`, `tanggal_peminjaman`, `tanggal_pengembalian`) VALUES (:kode_buku:, :nomor_anggota:, :status:, :tanggal_peminjaman:, :tanggal_pengembalian:)', [...], false)
 5 SYSTEMPATH\Model.php(330): CodeIgniter\Database\BaseBuilder->insert()
 6 SYSTEMPATH\BaseModel.php(782): CodeIgniter\Model->doInsert([...])
 7 SYSTEMPATH\Model.php(730): CodeIgniter\BaseModel->insert([...], true)
 8 APPPATH\Controllers\Crud\PeminjamanController.php(52): CodeIgniter\Model->insert([...])
 9 SYSTEMPATH\CodeIgniter.php(932): App\Controllers\Crud\PeminjamanController->create()
10 SYSTEMPATH\CodeIgniter.php(497): CodeIgniter\CodeIgniter->runController(Object(App\Controllers\Crud\PeminjamanController))
11 SYSTEMPATH\CodeIgniter.php(366): CodeIgniter\CodeIgniter->handleRequest(null, Object(Config\Cache), false)
12 FCPATH\index.php(67): CodeIgniter\CodeIgniter->run()
13 SYSTEMPATH\Commands\Server\rewrite.php(47): require_once('C:\\xampp\\htdocs\\REST\\public\\index.php')
