CRITICAL - 2023-09-25 08:47:57 --> Call to undefined method App\Models\AnggotaModel::generateNewAnggotaNumber
in SYSTEMPATH\Model.php on line 838.
 1 APPPATH\Controllers\Auth\Register.php(26): CodeIgniter\Model->__call('generateNewAnggotaNumber', [])
 2 SYSTEMPATH\CodeIgniter.php(932): App\Controllers\Auth\Register->index()
 3 SYSTEMPATH\CodeIgniter.php(497): CodeIgniter\CodeIgniter->runController(Object(App\Controllers\Auth\Register))
 4 SYSTEMPATH\CodeIgniter.php(366): CodeIgniter\CodeIgniter->handleRequest(null, Object(Config\Cache), false)
 5 FCPATH\index.php(67): CodeIgniter\CodeIgniter->run()
 6 SYSTEMPATH\Commands\Server\rewrite.php(47): require_once('C:\\xampp\\htdocs\\REST\\public\\index.php')
ERROR - 2023-09-25 21:56:16 --> mysqli_sql_exception: Column 'nomor_anggota' cannot be null in C:\xampp\htdocs\REST\system\Database\MySQLi\Connection.php:295
Stack trace:
#0 C:\xampp\htdocs\REST\system\Database\MySQLi\Connection.php(295): mysqli->query('INSERT INTO `pe...', 0)
#1 C:\xampp\htdocs\REST\system\Database\BaseConnection.php(692): CodeIgniter\Database\MySQLi\Connection->execute('INSERT INTO `pe...')
#2 C:\xampp\htdocs\REST\system\Database\BaseConnection.php(606): CodeIgniter\Database\BaseConnection->simpleQuery('INSERT INTO `pe...')
#3 C:\xampp\htdocs\REST\system\Database\BaseBuilder.php(2309): CodeIgniter\Database\BaseConnection->query('INSERT INTO `pe...', Array, false)
#4 C:\xampp\htdocs\REST\system\Model.php(330): CodeIgniter\Database\BaseBuilder->insert()
#5 C:\xampp\htdocs\REST\system\BaseModel.php(782): CodeIgniter\Model->doInsert(Array)
#6 C:\xampp\htdocs\REST\system\Model.php(730): CodeIgniter\BaseModel->insert(Array, true)
#7 C:\xampp\htdocs\REST\app\Controllers\Crud\PeminjamanController.php(52): CodeIgniter\Model->insert(Array)
#8 C:\xampp\htdocs\REST\system\CodeIgniter.php(932): App\Controllers\Crud\PeminjamanController->create()
#9 C:\xampp\htdocs\REST\system\CodeIgniter.php(497): CodeIgniter\CodeIgniter->runController(Object(App\Controllers\Crud\PeminjamanController))
#10 C:\xampp\htdocs\REST\system\CodeIgniter.php(366): CodeIgniter\CodeIgniter->handleRequest(NULL, Object(Config\Cache), false)
#11 C:\xampp\htdocs\REST\public\index.php(67): CodeIgniter\CodeIgniter->run()
#12 C:\xampp\htdocs\REST\system\Commands\Server\rewrite.php(47): require_once('C:\\xampp\\htdocs...')
#13 {main}
CRITICAL - 2023-09-25 21:56:16 --> Column 'nomor_anggota' cannot be null
in SYSTEMPATH\Database\MySQLi\Connection.php on line 295.
 1 SYSTEMPATH\Database\MySQLi\Connection.php(295): mysqli->query('INSERT INTO `peminjaman` (`kode_buku`, `nomor_anggota`, `status`, `tanggal_peminjaman`, `tanggal_pengembalian`) VALUES (\'BK001\', NULL, \'Pinjam\', \'2023-09-25\', \'2023-09-28\')', 0)
 2 SYSTEMPATH\Database\BaseConnection.php(692): CodeIgniter\Database\MySQLi\Connection->execute('INSERT INTO `peminjaman` (`kode_buku`, `nomor_anggota`, `status`, `tanggal_peminjaman`, `tanggal_pengembalian`) VALUES (\'BK001\', NULL, \'Pinjam\', \'2023-09-25\', \'2023-09-28\')')
 3 SYSTEMPATH\Database\BaseConnection.php(606): CodeIgniter\Database\BaseConnection->simpleQuery('INSERT INTO `peminjaman` (`kode_buku`, `nomor_anggota`, `status`, `tanggal_peminjaman`, `tanggal_pengembalian`) VALUES (\'BK001\', NULL, \'Pinjam\', \'2023-09-25\', \'2023-09-28\')')
 4 SYSTEMPATH\Database\BaseBuilder.php(2309): CodeIgniter\Database\BaseConnection->query('INSERT INTO `peminjaman` (`kode_buku`, `nomor_anggota`, `status`, `tanggal_peminjaman`, `tanggal_pengembalian`) VALUES (:kode_buku:, :nomor_anggota:, :status:, :tanggal_peminjaman:, :tanggal_pengembalian:)', [...], false)
 5 SYSTEMPATH\Model.php(330): CodeIgniter\Database\BaseBuilder->insert()
 6 SYSTEMPATH\BaseModel.php(782): CodeIgniter\Model->doInsert([...])
 7 SYSTEMPATH\Model.php(730): CodeIgniter\BaseModel->insert([...], true)
 8 APPPATH\Controllers\Crud\PeminjamanController.php(52): CodeIgniter\Model->insert([...])
 9 SYSTEMPATH\CodeIgniter.php(932): App\Controllers\Crud\PeminjamanController->create()
10 SYSTEMPATH\CodeIgniter.php(497): CodeIgniter\CodeIgniter->runController(Object(App\Controllers\Crud\PeminjamanController))
11 SYSTEMPATH\CodeIgniter.php(366): CodeIgniter\CodeIgniter->handleRequest(null, Object(Config\Cache), false)
12 FCPATH\index.php(67): CodeIgniter\CodeIgniter->run()
13 SYSTEMPATH\Commands\Server\rewrite.php(47): require_once('C:\\xampp\\htdocs\\REST\\public\\index.php')
ERROR - 2023-09-25 21:56:22 --> mysqli_sql_exception: Column 'nomor_anggota' cannot be null in C:\xampp\htdocs\REST\system\Database\MySQLi\Connection.php:295
Stack trace:
#0 C:\xampp\htdocs\REST\system\Database\MySQLi\Connection.php(295): mysqli->query('INSERT INTO `pe...', 0)
#1 C:\xampp\htdocs\REST\system\Database\BaseConnection.php(692): CodeIgniter\Database\MySQLi\Connection->execute('INSERT INTO `pe...')
#2 C:\xampp\htdocs\REST\system\Database\BaseConnection.php(606): CodeIgniter\Database\BaseConnection->simpleQuery('INSERT INTO `pe...')
#3 C:\xampp\htdocs\REST\system\Database\BaseBuilder.php(2309): CodeIgniter\Database\BaseConnection->query('INSERT INTO `pe...', Array, false)
#4 C:\xampp\htdocs\REST\system\Model.php(330): CodeIgniter\Database\BaseBuilder->insert()
#5 C:\xampp\htdocs\REST\system\BaseModel.php(782): CodeIgniter\Model->doInsert(Array)
#6 C:\xampp\htdocs\REST\system\Model.php(730): CodeIgniter\BaseModel->insert(Array, true)
#7 C:\xampp\htdocs\REST\app\Controllers\Crud\PeminjamanController.php(52): CodeIgniter\Model->insert(Array)
#8 C:\xampp\htdocs\REST\system\CodeIgniter.php(932): App\Controllers\Crud\PeminjamanController->create()
#9 C:\xampp\htdocs\REST\system\CodeIgniter.php(497): CodeIgniter\CodeIgniter->runController(Object(App\Controllers\Crud\PeminjamanController))
#10 C:\xampp\htdocs\REST\system\CodeIgniter.php(366): CodeIgniter\CodeIgniter->handleRequest(NULL, Object(Config\Cache), false)
#11 C:\xampp\htdocs\REST\public\index.php(67): CodeIgniter\CodeIgniter->run()
#12 C:\xampp\htdocs\REST\system\Commands\Server\rewrite.php(47): require_once('C:\\xampp\\htdocs...')
#13 {main}
CRITICAL - 2023-09-25 21:56:22 --> Column 'nomor_anggota' cannot be null
in SYSTEMPATH\Database\MySQLi\Connection.php on line 295.
 1 SYSTEMPATH\Database\MySQLi\Connection.php(295): mysqli->query('INSERT INTO `peminjaman` (`kode_buku`, `nomor_anggota`, `status`, `tanggal_peminjaman`, `tanggal_pengembalian`) VALUES (\'BK001\', NULL, \'Pinjam\', \'2023-09-25\', \'2023-09-28\')', 0)
 2 SYSTEMPATH\Database\BaseConnection.php(692): CodeIgniter\Database\MySQLi\Connection->execute('INSERT INTO `peminjaman` (`kode_buku`, `nomor_anggota`, `status`, `tanggal_peminjaman`, `tanggal_pengembalian`) VALUES (\'BK001\', NULL, \'Pinjam\', \'2023-09-25\', \'2023-09-28\')')
 3 SYSTEMPATH\Database\BaseConnection.php(606): CodeIgniter\Database\BaseConnection->simpleQuery('INSERT INTO `peminjaman` (`kode_buku`, `nomor_anggota`, `status`, `tanggal_peminjaman`, `tanggal_pengembalian`) VALUES (\'BK001\', NULL, \'Pinjam\', \'2023-09-25\', \'2023-09-28\')')
 4 SYSTEMPATH\Database\BaseBuilder.php(2309): CodeIgniter\Database\BaseConnection->query('INSERT INTO `peminjaman` (`kode_buku`, `nomor_anggota`, `status`, `tanggal_peminjaman`, `tanggal_pengembalian`) VALUES (:kode_buku:, :nomor_anggota:, :status:, :tanggal_peminjaman:, :tanggal_pengembalian:)', [...], false)
 5 SYSTEMPATH\Model.php(330): CodeIgniter\Database\BaseBuilder->insert()
 6 SYSTEMPATH\BaseModel.php(782): CodeIgniter\Model->doInsert([...])
 7 SYSTEMPATH\Model.php(730): CodeIgniter\BaseModel->insert([...], true)
 8 APPPATH\Controllers\Crud\PeminjamanController.php(52): CodeIgniter\Model->insert([...])
 9 SYSTEMPATH\CodeIgniter.php(932): App\Controllers\Crud\PeminjamanController->create()
10 SYSTEMPATH\CodeIgniter.php(497): CodeIgniter\CodeIgniter->runController(Object(App\Controllers\Crud\PeminjamanController))
11 SYSTEMPATH\CodeIgniter.php(366): CodeIgniter\CodeIgniter->handleRequest(null, Object(Config\Cache), false)
12 FCPATH\index.php(67): CodeIgniter\CodeIgniter->run()
13 SYSTEMPATH\Commands\Server\rewrite.php(47): require_once('C:\\xampp\\htdocs\\REST\\public\\index.php')
ERROR - 2023-09-25 21:56:27 --> mysqli_sql_exception: Column 'nomor_anggota' cannot be null in C:\xampp\htdocs\REST\system\Database\MySQLi\Connection.php:295
Stack trace:
#0 C:\xampp\htdocs\REST\system\Database\MySQLi\Connection.php(295): mysqli->query('INSERT INTO `pe...', 0)
#1 C:\xampp\htdocs\REST\system\Database\BaseConnection.php(692): CodeIgniter\Database\MySQLi\Connection->execute('INSERT INTO `pe...')
#2 C:\xampp\htdocs\REST\system\Database\BaseConnection.php(606): CodeIgniter\Database\BaseConnection->simpleQuery('INSERT INTO `pe...')
#3 C:\xampp\htdocs\REST\system\Database\BaseBuilder.php(2309): CodeIgniter\Database\BaseConnection->query('INSERT INTO `pe...', Array, false)
#4 C:\xampp\htdocs\REST\system\Model.php(330): CodeIgniter\Database\BaseBuilder->insert()
#5 C:\xampp\htdocs\REST\system\BaseModel.php(782): CodeIgniter\Model->doInsert(Array)
#6 C:\xampp\htdocs\REST\system\Model.php(730): CodeIgniter\BaseModel->insert(Array, true)
#7 C:\xampp\htdocs\REST\app\Controllers\Crud\PeminjamanController.php(52): CodeIgniter\Model->insert(Array)
#8 C:\xampp\htdocs\REST\system\CodeIgniter.php(932): App\Controllers\Crud\PeminjamanController->create()
#9 C:\xampp\htdocs\REST\system\CodeIgniter.php(497): CodeIgniter\CodeIgniter->runController(Object(App\Controllers\Crud\PeminjamanController))
#10 C:\xampp\htdocs\REST\system\CodeIgniter.php(366): CodeIgniter\CodeIgniter->handleRequest(NULL, Object(Config\Cache), false)
#11 C:\xampp\htdocs\REST\public\index.php(67): CodeIgniter\CodeIgniter->run()
#12 C:\xampp\htdocs\REST\system\Commands\Server\rewrite.php(47): require_once('C:\\xampp\\htdocs...')
#13 {main}
CRITICAL - 2023-09-25 21:56:27 --> Column 'nomor_anggota' cannot be null
in SYSTEMPATH\Database\MySQLi\Connection.php on line 295.
 1 SYSTEMPATH\Database\MySQLi\Connection.php(295): mysqli->query('INSERT INTO `peminjaman` (`kode_buku`, `nomor_anggota`, `status`, `tanggal_peminjaman`, `tanggal_pengembalian`) VALUES (\'BK001\', NULL, \'Pinjam\', \'2023-09-25\', \'2023-09-28\')', 0)
 2 SYSTEMPATH\Database\BaseConnection.php(692): CodeIgniter\Database\MySQLi\Connection->execute('INSERT INTO `peminjaman` (`kode_buku`, `nomor_anggota`, `status`, `tanggal_peminjaman`, `tanggal_pengembalian`) VALUES (\'BK001\', NULL, \'Pinjam\', \'2023-09-25\', \'2023-09-28\')')
 3 SYSTEMPATH\Database\BaseConnection.php(606): CodeIgniter\Database\BaseConnection->simpleQuery('INSERT INTO `peminjaman` (`kode_buku`, `nomor_anggota`, `status`, `tanggal_peminjaman`, `tanggal_pengembalian`) VALUES (\'BK001\', NULL, \'Pinjam\', \'2023-09-25\', \'2023-09-28\')')
 4 SYSTEMPATH\Database\BaseBuilder.php(2309): CodeIgniter\Database\BaseConnection->query('INSERT INTO `peminjaman` (`kode_buku`, `nomor_anggota`, `status`, `tanggal_peminjaman`, `tanggal_pengembalian`) VALUES (:kode_buku:, :nomor_anggota:, :status:, :tanggal_peminjaman:, :tanggal_pengembalian:)', [...], false)
 5 SYSTEMPATH\Model.php(330): CodeIgniter\Database\BaseBuilder->insert()
 6 SYSTEMPATH\BaseModel.php(782): CodeIgniter\Model->doInsert([...])
 7 SYSTEMPATH\Model.php(730): CodeIgniter\BaseModel->insert([...], true)
 8 APPPATH\Controllers\Crud\PeminjamanController.php(52): CodeIgniter\Model->insert([...])
 9 SYSTEMPATH\CodeIgniter.php(932): App\Controllers\Crud\PeminjamanController->create()
10 SYSTEMPATH\CodeIgniter.php(497): CodeIgniter\CodeIgniter->runController(Object(App\Controllers\Crud\PeminjamanController))
11 SYSTEMPATH\CodeIgniter.php(366): CodeIgniter\CodeIgniter->handleRequest(null, Object(Config\Cache), false)
12 FCPATH\index.php(67): CodeIgniter\CodeIgniter->run()
13 SYSTEMPATH\Commands\Server\rewrite.php(47): require_once('C:\\xampp\\htdocs\\REST\\public\\index.php')
ERROR - 2023-09-25 21:56:33 --> mysqli_sql_exception: Column 'nomor_anggota' cannot be null in C:\xampp\htdocs\REST\system\Database\MySQLi\Connection.php:295
Stack trace:
#0 C:\xampp\htdocs\REST\system\Database\MySQLi\Connection.php(295): mysqli->query('INSERT INTO `pe...', 0)
#1 C:\xampp\htdocs\REST\system\Database\BaseConnection.php(692): CodeIgniter\Database\MySQLi\Connection->execute('INSERT INTO `pe...')
#2 C:\xampp\htdocs\REST\system\Database\BaseConnection.php(606): CodeIgniter\Database\BaseConnection->simpleQuery('INSERT INTO `pe...')
#3 C:\xampp\htdocs\REST\system\Database\BaseBuilder.php(2309): CodeIgniter\Database\BaseConnection->query('INSERT INTO `pe...', Array, false)
#4 C:\xampp\htdocs\REST\system\Model.php(330): CodeIgniter\Database\BaseBuilder->insert()
#5 C:\xampp\htdocs\REST\system\BaseModel.php(782): CodeIgniter\Model->doInsert(Array)
#6 C:\xampp\htdocs\REST\system\Model.php(730): CodeIgniter\BaseModel->insert(Array, true)
#7 C:\xampp\htdocs\REST\app\Controllers\Crud\PeminjamanController.php(52): CodeIgniter\Model->insert(Array)
#8 C:\xampp\htdocs\REST\system\CodeIgniter.php(932): App\Controllers\Crud\PeminjamanController->create()
#9 C:\xampp\htdocs\REST\system\CodeIgniter.php(497): CodeIgniter\CodeIgniter->runController(Object(App\Controllers\Crud\PeminjamanController))
#10 C:\xampp\htdocs\REST\system\CodeIgniter.php(366): CodeIgniter\CodeIgniter->handleRequest(NULL, Object(Config\Cache), false)
#11 C:\xampp\htdocs\REST\public\index.php(67): CodeIgniter\CodeIgniter->run()
#12 C:\xampp\htdocs\REST\system\Commands\Server\rewrite.php(47): require_once('C:\\xampp\\htdocs...')
#13 {main}
CRITICAL - 2023-09-25 21:56:33 --> Column 'nomor_anggota' cannot be null
in SYSTEMPATH\Database\MySQLi\Connection.php on line 295.
 1 SYSTEMPATH\Database\MySQLi\Connection.php(295): mysqli->query('INSERT INTO `peminjaman` (`kode_buku`, `nomor_anggota`, `status`, `tanggal_peminjaman`, `tanggal_pengembalian`) VALUES (\'BK001\', NULL, \'Pinjam\', \'2023-09-25\', \'2023-09-28\')', 0)
 2 SYSTEMPATH\Database\BaseConnection.php(692): CodeIgniter\Database\MySQLi\Connection->execute('INSERT INTO `peminjaman` (`kode_buku`, `nomor_anggota`, `status`, `tanggal_peminjaman`, `tanggal_pengembalian`) VALUES (\'BK001\', NULL, \'Pinjam\', \'2023-09-25\', \'2023-09-28\')')
 3 SYSTEMPATH\Database\BaseConnection.php(606): CodeIgniter\Database\BaseConnection->simpleQuery('INSERT INTO `peminjaman` (`kode_buku`, `nomor_anggota`, `status`, `tanggal_peminjaman`, `tanggal_pengembalian`) VALUES (\'BK001\', NULL, \'Pinjam\', \'2023-09-25\', \'2023-09-28\')')
 4 SYSTEMPATH\Database\BaseBuilder.php(2309): CodeIgniter\Database\BaseConnection->query('INSERT INTO `peminjaman` (`kode_buku`, `nomor_anggota`, `status`, `tanggal_peminjaman`, `tanggal_pengembalian`) VALUES (:kode_buku:, :nomor_anggota:, :status:, :tanggal_peminjaman:, :tanggal_pengembalian:)', [...], false)
 5 SYSTEMPATH\Model.php(330): CodeIgniter\Database\BaseBuilder->insert()
 6 SYSTEMPATH\BaseModel.php(782): CodeIgniter\Model->doInsert([...])
 7 SYSTEMPATH\Model.php(730): CodeIgniter\BaseModel->insert([...], true)
 8 APPPATH\Controllers\Crud\PeminjamanController.php(52): CodeIgniter\Model->insert([...])
 9 SYSTEMPATH\CodeIgniter.php(932): App\Controllers\Crud\PeminjamanController->create()
10 SYSTEMPATH\CodeIgniter.php(497): CodeIgniter\CodeIgniter->runController(Object(App\Controllers\Crud\PeminjamanController))
11 SYSTEMPATH\CodeIgniter.php(366): CodeIgniter\CodeIgniter->handleRequest(null, Object(Config\Cache), false)
12 FCPATH\index.php(67): CodeIgniter\CodeIgniter->run()
13 SYSTEMPATH\Commands\Server\rewrite.php(47): require_once('C:\\xampp\\htdocs\\REST\\public\\index.php')
ERROR - 2023-09-25 21:56:41 --> mysqli_sql_exception: Column 'nomor_anggota' cannot be null in C:\xampp\htdocs\REST\system\Database\MySQLi\Connection.php:295
Stack trace:
#0 C:\xampp\htdocs\REST\system\Database\MySQLi\Connection.php(295): mysqli->query('INSERT INTO `pe...', 0)
#1 C:\xampp\htdocs\REST\system\Database\BaseConnection.php(692): CodeIgniter\Database\MySQLi\Connection->execute('INSERT INTO `pe...')
#2 C:\xampp\htdocs\REST\system\Database\BaseConnection.php(606): CodeIgniter\Database\BaseConnection->simpleQuery('INSERT INTO `pe...')
#3 C:\xampp\htdocs\REST\system\Database\BaseBuilder.php(2309): CodeIgniter\Database\BaseConnection->query('INSERT INTO `pe...', Array, false)
#4 C:\xampp\htdocs\REST\system\Model.php(330): CodeIgniter\Database\BaseBuilder->insert()
#5 C:\xampp\htdocs\REST\system\BaseModel.php(782): CodeIgniter\Model->doInsert(Array)
#6 C:\xampp\htdocs\REST\system\Model.php(730): CodeIgniter\BaseModel->insert(Array, true)
#7 C:\xampp\htdocs\REST\app\Controllers\Crud\PeminjamanController.php(52): CodeIgniter\Model->insert(Array)
#8 C:\xampp\htdocs\REST\system\CodeIgniter.php(932): App\Controllers\Crud\PeminjamanController->create()
#9 C:\xampp\htdocs\REST\system\CodeIgniter.php(497): CodeIgniter\CodeIgniter->runController(Object(App\Controllers\Crud\PeminjamanController))
#10 C:\xampp\htdocs\REST\system\CodeIgniter.php(366): CodeIgniter\CodeIgniter->handleRequest(NULL, Object(Config\Cache), false)
#11 C:\xampp\htdocs\REST\public\index.php(67): CodeIgniter\CodeIgniter->run()
#12 C:\xampp\htdocs\REST\system\Commands\Server\rewrite.php(47): require_once('C:\\xampp\\htdocs...')
#13 {main}
CRITICAL - 2023-09-25 21:56:41 --> Column 'nomor_anggota' cannot be null
in SYSTEMPATH\Database\MySQLi\Connection.php on line 295.
 1 SYSTEMPATH\Database\MySQLi\Connection.php(295): mysqli->query('INSERT INTO `peminjaman` (`kode_buku`, `nomor_anggota`, `status`, `tanggal_peminjaman`, `tanggal_pengembalian`) VALUES (\'BK001\', NULL, \'Pinjam\', \'2023-09-25\', \'2023-09-28\')', 0)
 2 SYSTEMPATH\Database\BaseConnection.php(692): CodeIgniter\Database\MySQLi\Connection->execute('INSERT INTO `peminjaman` (`kode_buku`, `nomor_anggota`, `status`, `tanggal_peminjaman`, `tanggal_pengembalian`) VALUES (\'BK001\', NULL, \'Pinjam\', \'2023-09-25\', \'2023-09-28\')')
 3 SYSTEMPATH\Database\BaseConnection.php(606): CodeIgniter\Database\BaseConnection->simpleQuery('INSERT INTO `peminjaman` (`kode_buku`, `nomor_anggota`, `status`, `tanggal_peminjaman`, `tanggal_pengembalian`) VALUES (\'BK001\', NULL, \'Pinjam\', \'2023-09-25\', \'2023-09-28\')')
 4 SYSTEMPATH\Database\BaseBuilder.php(2309): CodeIgniter\Database\BaseConnection->query('INSERT INTO `peminjaman` (`kode_buku`, `nomor_anggota`, `status`, `tanggal_peminjaman`, `tanggal_pengembalian`) VALUES (:kode_buku:, :nomor_anggota:, :status:, :tanggal_peminjaman:, :tanggal_pengembalian:)', [...], false)
 5 SYSTEMPATH\Model.php(330): CodeIgniter\Database\BaseBuilder->insert()
 6 SYSTEMPATH\BaseModel.php(782): CodeIgniter\Model->doInsert([...])
 7 SYSTEMPATH\Model.php(730): CodeIgniter\BaseModel->insert([...], true)
 8 APPPATH\Controllers\Crud\PeminjamanController.php(52): CodeIgniter\Model->insert([...])
 9 SYSTEMPATH\CodeIgniter.php(932): App\Controllers\Crud\PeminjamanController->create()
10 SYSTEMPATH\CodeIgniter.php(497): CodeIgniter\CodeIgniter->runController(Object(App\Controllers\Crud\PeminjamanController))
11 SYSTEMPATH\CodeIgniter.php(366): CodeIgniter\CodeIgniter->handleRequest(null, Object(Config\Cache), false)
12 FCPATH\index.php(67): CodeIgniter\CodeIgniter->run()
13 SYSTEMPATH\Commands\Server\rewrite.php(47): require_once('C:\\xampp\\htdocs\\REST\\public\\index.php')
ERROR - 2023-09-25 21:56:46 --> mysqli_sql_exception: Column 'nomor_anggota' cannot be null in C:\xampp\htdocs\REST\system\Database\MySQLi\Connection.php:295
Stack trace:
#0 C:\xampp\htdocs\REST\system\Database\MySQLi\Connection.php(295): mysqli->query('INSERT INTO `pe...', 0)
#1 C:\xampp\htdocs\REST\system\Database\BaseConnection.php(692): CodeIgniter\Database\MySQLi\Connection->execute('INSERT INTO `pe...')
#2 C:\xampp\htdocs\REST\system\Database\BaseConnection.php(606): CodeIgniter\Database\BaseConnection->simpleQuery('INSERT INTO `pe...')
#3 C:\xampp\htdocs\REST\system\Database\BaseBuilder.php(2309): CodeIgniter\Database\BaseConnection->query('INSERT INTO `pe...', Array, false)
#4 C:\xampp\htdocs\REST\system\Model.php(330): CodeIgniter\Database\BaseBuilder->insert()
#5 C:\xampp\htdocs\REST\system\BaseModel.php(782): CodeIgniter\Model->doInsert(Array)
#6 C:\xampp\htdocs\REST\system\Model.php(730): CodeIgniter\BaseModel->insert(Array, true)
#7 C:\xampp\htdocs\REST\app\Controllers\Crud\PeminjamanController.php(52): CodeIgniter\Model->insert(Array)
#8 C:\xampp\htdocs\REST\system\CodeIgniter.php(932): App\Controllers\Crud\PeminjamanController->create()
#9 C:\xampp\htdocs\REST\system\CodeIgniter.php(497): CodeIgniter\CodeIgniter->runController(Object(App\Controllers\Crud\PeminjamanController))
#10 C:\xampp\htdocs\REST\system\CodeIgniter.php(366): CodeIgniter\CodeIgniter->handleRequest(NULL, Object(Config\Cache), false)
#11 C:\xampp\htdocs\REST\public\index.php(67): CodeIgniter\CodeIgniter->run()
#12 C:\xampp\htdocs\REST\system\Commands\Server\rewrite.php(47): require_once('C:\\xampp\\htdocs...')
#13 {main}
CRITICAL - 2023-09-25 21:56:46 --> Column 'nomor_anggota' cannot be null
in SYSTEMPATH\Database\MySQLi\Connection.php on line 295.
 1 SYSTEMPATH\Database\MySQLi\Connection.php(295): mysqli->query('INSERT INTO `peminjaman` (`kode_buku`, `nomor_anggota`, `status`, `tanggal_peminjaman`, `tanggal_pengembalian`) VALUES (\'BK001\', NULL, \'Pinjam\', \'2023-09-25\', \'2023-09-28\')', 0)
 2 SYSTEMPATH\Database\BaseConnection.php(692): CodeIgniter\Database\MySQLi\Connection->execute('INSERT INTO `peminjaman` (`kode_buku`, `nomor_anggota`, `status`, `tanggal_peminjaman`, `tanggal_pengembalian`) VALUES (\'BK001\', NULL, \'Pinjam\', \'2023-09-25\', \'2023-09-28\')')
 3 SYSTEMPATH\Database\BaseConnection.php(606): CodeIgniter\Database\BaseConnection->simpleQuery('INSERT INTO `peminjaman` (`kode_buku`, `nomor_anggota`, `status`, `tanggal_peminjaman`, `tanggal_pengembalian`) VALUES (\'BK001\', NULL, \'Pinjam\', \'2023-09-25\', \'2023-09-28\')')
 4 SYSTEMPATH\Database\BaseBuilder.php(2309): CodeIgniter\Database\BaseConnection->query('INSERT INTO `peminjaman` (`kode_buku`, `nomor_anggota`, `status`, `tanggal_peminjaman`, `tanggal_pengembalian`) VALUES (:kode_buku:, :nomor_anggota:, :status:, :tanggal_peminjaman:, :tanggal_pengembalian:)', [...], false)
 5 SYSTEMPATH\Model.php(330): CodeIgniter\Database\BaseBuilder->insert()
 6 SYSTEMPATH\BaseModel.php(782): CodeIgniter\Model->doInsert([...])
 7 SYSTEMPATH\Model.php(730): CodeIgniter\BaseModel->insert([...], true)
 8 APPPATH\Controllers\Crud\PeminjamanController.php(52): CodeIgniter\Model->insert([...])
 9 SYSTEMPATH\CodeIgniter.php(932): App\Controllers\Crud\PeminjamanController->create()
10 SYSTEMPATH\CodeIgniter.php(497): CodeIgniter\CodeIgniter->runController(Object(App\Controllers\Crud\PeminjamanController))
11 SYSTEMPATH\CodeIgniter.php(366): CodeIgniter\CodeIgniter->handleRequest(null, Object(Config\Cache), false)
12 FCPATH\index.php(67): CodeIgniter\CodeIgniter->run()
13 SYSTEMPATH\Commands\Server\rewrite.php(47): require_once('C:\\xampp\\htdocs\\REST\\public\\index.php')
ERROR - 2023-09-25 21:56:51 --> mysqli_sql_exception: Column 'nomor_anggota' cannot be null in C:\xampp\htdocs\REST\system\Database\MySQLi\Connection.php:295
Stack trace:
#0 C:\xampp\htdocs\REST\system\Database\MySQLi\Connection.php(295): mysqli->query('INSERT INTO `pe...', 0)
#1 C:\xampp\htdocs\REST\system\Database\BaseConnection.php(692): CodeIgniter\Database\MySQLi\Connection->execute('INSERT INTO `pe...')
#2 C:\xampp\htdocs\REST\system\Database\BaseConnection.php(606): CodeIgniter\Database\BaseConnection->simpleQuery('INSERT INTO `pe...')
#3 C:\xampp\htdocs\REST\system\Database\BaseBuilder.php(2309): CodeIgniter\Database\BaseConnection->query('INSERT INTO `pe...', Array, false)
#4 C:\xampp\htdocs\REST\system\Model.php(330): CodeIgniter\Database\BaseBuilder->insert()
#5 C:\xampp\htdocs\REST\system\BaseModel.php(782): CodeIgniter\Model->doInsert(Array)
#6 C:\xampp\htdocs\REST\system\Model.php(730): CodeIgniter\BaseModel->insert(Array, true)
#7 C:\xampp\htdocs\REST\app\Controllers\Crud\PeminjamanController.php(52): CodeIgniter\Model->insert(Array)
#8 C:\xampp\htdocs\REST\system\CodeIgniter.php(932): App\Controllers\Crud\PeminjamanController->create()
#9 C:\xampp\htdocs\REST\system\CodeIgniter.php(497): CodeIgniter\CodeIgniter->runController(Object(App\Controllers\Crud\PeminjamanController))
#10 C:\xampp\htdocs\REST\system\CodeIgniter.php(366): CodeIgniter\CodeIgniter->handleRequest(NULL, Object(Config\Cache), false)
#11 C:\xampp\htdocs\REST\public\index.php(67): CodeIgniter\CodeIgniter->run()
#12 C:\xampp\htdocs\REST\system\Commands\Server\rewrite.php(47): require_once('C:\\xampp\\htdocs...')
#13 {main}
CRITICAL - 2023-09-25 21:56:51 --> Column 'nomor_anggota' cannot be null
in SYSTEMPATH\Database\MySQLi\Connection.php on line 295.
 1 SYSTEMPATH\Database\MySQLi\Connection.php(295): mysqli->query('INSERT INTO `peminjaman` (`kode_buku`, `nomor_anggota`, `status`, `tanggal_peminjaman`, `tanggal_pengembalian`) VALUES (\'BK001\', NULL, \'Pinjam\', \'2023-09-25\', \'2023-09-28\')', 0)
 2 SYSTEMPATH\Database\BaseConnection.php(692): CodeIgniter\Database\MySQLi\Connection->execute('INSERT INTO `peminjaman` (`kode_buku`, `nomor_anggota`, `status`, `tanggal_peminjaman`, `tanggal_pengembalian`) VALUES (\'BK001\', NULL, \'Pinjam\', \'2023-09-25\', \'2023-09-28\')')
 3 SYSTEMPATH\Database\BaseConnection.php(606): CodeIgniter\Database\BaseConnection->simpleQuery('INSERT INTO `peminjaman` (`kode_buku`, `nomor_anggota`, `status`, `tanggal_peminjaman`, `tanggal_pengembalian`) VALUES (\'BK001\', NULL, \'Pinjam\', \'2023-09-25\', \'2023-09-28\')')
 4 SYSTEMPATH\Database\BaseBuilder.php(2309): CodeIgniter\Database\BaseConnection->query('INSERT INTO `peminjaman` (`kode_buku`, `nomor_anggota`, `status`, `tanggal_peminjaman`, `tanggal_pengembalian`) VALUES (:kode_buku:, :nomor_anggota:, :status:, :tanggal_peminjaman:, :tanggal_pengembalian:)', [...], false)
 5 SYSTEMPATH\Model.php(330): CodeIgniter\Database\BaseBuilder->insert()
 6 SYSTEMPATH\BaseModel.php(782): CodeIgniter\Model->doInsert([...])
 7 SYSTEMPATH\Model.php(730): CodeIgniter\BaseModel->insert([...], true)
 8 APPPATH\Controllers\Crud\PeminjamanController.php(52): CodeIgniter\Model->insert([...])
 9 SYSTEMPATH\CodeIgniter.php(932): App\Controllers\Crud\PeminjamanController->create()
10 SYSTEMPATH\CodeIgniter.php(497): CodeIgniter\CodeIgniter->runController(Object(App\Controllers\Crud\PeminjamanController))
11 SYSTEMPATH\CodeIgniter.php(366): CodeIgniter\CodeIgniter->handleRequest(null, Object(Config\Cache), false)
12 FCPATH\index.php(67): CodeIgniter\CodeIgniter->run()
13 SYSTEMPATH\Commands\Server\rewrite.php(47): require_once('C:\\xampp\\htdocs\\REST\\public\\index.php')
ERROR - 2023-09-25 21:57:16 --> mysqli_sql_exception: Column 'nomor_anggota' cannot be null in C:\xampp\htdocs\REST\system\Database\MySQLi\Connection.php:295
Stack trace:
#0 C:\xampp\htdocs\REST\system\Database\MySQLi\Connection.php(295): mysqli->query('INSERT INTO `pe...', 0)
#1 C:\xampp\htdocs\REST\system\Database\BaseConnection.php(692): CodeIgniter\Database\MySQLi\Connection->execute('INSERT INTO `pe...')
#2 C:\xampp\htdocs\REST\system\Database\BaseConnection.php(606): CodeIgniter\Database\BaseConnection->simpleQuery('INSERT INTO `pe...')
#3 C:\xampp\htdocs\REST\system\Database\BaseBuilder.php(2309): CodeIgniter\Database\BaseConnection->query('INSERT INTO `pe...', Array, false)
#4 C:\xampp\htdocs\REST\system\Model.php(330): CodeIgniter\Database\BaseBuilder->insert()
#5 C:\xampp\htdocs\REST\system\BaseModel.php(782): CodeIgniter\Model->doInsert(Array)
#6 C:\xampp\htdocs\REST\system\Model.php(730): CodeIgniter\BaseModel->insert(Array, true)
#7 C:\xampp\htdocs\REST\app\Controllers\Crud\PeminjamanController.php(52): CodeIgniter\Model->insert(Array)
#8 C:\xampp\htdocs\REST\system\CodeIgniter.php(932): App\Controllers\Crud\PeminjamanController->create()
#9 C:\xampp\htdocs\REST\system\CodeIgniter.php(497): CodeIgniter\CodeIgniter->runController(Object(App\Controllers\Crud\PeminjamanController))
#10 C:\xampp\htdocs\REST\system\CodeIgniter.php(366): CodeIgniter\CodeIgniter->handleRequest(NULL, Object(Config\Cache), false)
#11 C:\xampp\htdocs\REST\public\index.php(67): CodeIgniter\CodeIgniter->run()
#12 C:\xampp\htdocs\REST\system\Commands\Server\rewrite.php(47): require_once('C:\\xampp\\htdocs...')
#13 {main}
CRITICAL - 2023-09-25 21:57:16 --> Column 'nomor_anggota' cannot be null
in SYSTEMPATH\Database\MySQLi\Connection.php on line 295.
 1 SYSTEMPATH\Database\MySQLi\Connection.php(295): mysqli->query('INSERT INTO `peminjaman` (`kode_buku`, `nomor_anggota`, `status`, `tanggal_peminjaman`, `tanggal_pengembalian`) VALUES (\'BK001\', NULL, \'Pinjam\', \'2023-09-25\', \'2023-09-28\')', 0)
 2 SYSTEMPATH\Database\BaseConnection.php(692): CodeIgniter\Database\MySQLi\Connection->execute('INSERT INTO `peminjaman` (`kode_buku`, `nomor_anggota`, `status`, `tanggal_peminjaman`, `tanggal_pengembalian`) VALUES (\'BK001\', NULL, \'Pinjam\', \'2023-09-25\', \'2023-09-28\')')
 3 SYSTEMPATH\Database\BaseConnection.php(606): CodeIgniter\Database\BaseConnection->simpleQuery('INSERT INTO `peminjaman` (`kode_buku`, `nomor_anggota`, `status`, `tanggal_peminjaman`, `tanggal_pengembalian`) VALUES (\'BK001\', NULL, \'Pinjam\', \'2023-09-25\', \'2023-09-28\')')
 4 SYSTEMPATH\Database\BaseBuilder.php(2309): CodeIgniter\Database\BaseConnection->query('INSERT INTO `peminjaman` (`kode_buku`, `nomor_anggota`, `status`, `tanggal_peminjaman`, `tanggal_pengembalian`) VALUES (:kode_buku:, :nomor_anggota:, :status:, :tanggal_peminjaman:, :tanggal_pengembalian:)', [...], false)
 5 SYSTEMPATH\Model.php(330): CodeIgniter\Database\BaseBuilder->insert()
 6 SYSTEMPATH\BaseModel.php(782): CodeIgniter\Model->doInsert([...])
 7 SYSTEMPATH\Model.php(730): CodeIgniter\BaseModel->insert([...], true)
 8 APPPATH\Controllers\Crud\PeminjamanController.php(52): CodeIgniter\Model->insert([...])
 9 SYSTEMPATH\CodeIgniter.php(932): App\Controllers\Crud\PeminjamanController->create()
10 SYSTEMPATH\CodeIgniter.php(497): CodeIgniter\CodeIgniter->runController(Object(App\Controllers\Crud\PeminjamanController))
11 SYSTEMPATH\CodeIgniter.php(366): CodeIgniter\CodeIgniter->handleRequest(null, Object(Config\Cache), false)
12 FCPATH\index.php(67): CodeIgniter\CodeIgniter->run()
13 SYSTEMPATH\Commands\Server\rewrite.php(47): require_once('C:\\xampp\\htdocs\\REST\\public\\index.php')
ERROR - 2023-09-25 22:01:32 --> mysqli_sql_exception: Column 'nomor_anggota' cannot be null in C:\xampp\htdocs\REST\system\Database\MySQLi\Connection.php:295
Stack trace:
#0 C:\xampp\htdocs\REST\system\Database\MySQLi\Connection.php(295): mysqli->query('INSERT INTO `pe...', 0)
#1 C:\xampp\htdocs\REST\system\Database\BaseConnection.php(692): CodeIgniter\Database\MySQLi\Connection->execute('INSERT INTO `pe...')
#2 C:\xampp\htdocs\REST\system\Database\BaseConnection.php(606): CodeIgniter\Database\BaseConnection->simpleQuery('INSERT INTO `pe...')
#3 C:\xampp\htdocs\REST\system\Database\BaseBuilder.php(2309): CodeIgniter\Database\BaseConnection->query('INSERT INTO `pe...', Array, false)
#4 C:\xampp\htdocs\REST\system\Model.php(330): CodeIgniter\Database\BaseBuilder->insert()
#5 C:\xampp\htdocs\REST\system\BaseModel.php(782): CodeIgniter\Model->doInsert(Array)
#6 C:\xampp\htdocs\REST\system\Model.php(730): CodeIgniter\BaseModel->insert(Array, true)
#7 C:\xampp\htdocs\REST\app\Controllers\Crud\PeminjamanController.php(52): CodeIgniter\Model->insert(Array)
#8 C:\xampp\htdocs\REST\system\CodeIgniter.php(932): App\Controllers\Crud\PeminjamanController->create()
#9 C:\xampp\htdocs\REST\system\CodeIgniter.php(497): CodeIgniter\CodeIgniter->runController(Object(App\Controllers\Crud\PeminjamanController))
#10 C:\xampp\htdocs\REST\system\CodeIgniter.php(366): CodeIgniter\CodeIgniter->handleRequest(NULL, Object(Config\Cache), false)
#11 C:\xampp\htdocs\REST\public\index.php(67): CodeIgniter\CodeIgniter->run()
#12 C:\xampp\htdocs\REST\system\Commands\Server\rewrite.php(47): require_once('C:\\xampp\\htdocs...')
#13 {main}
CRITICAL - 2023-09-25 22:01:32 --> Column 'nomor_anggota' cannot be null
in SYSTEMPATH\Database\MySQLi\Connection.php on line 295.
 1 SYSTEMPATH\Database\MySQLi\Connection.php(295): mysqli->query('INSERT INTO `peminjaman` (`kode_buku`, `nomor_anggota`, `status`, `tanggal_peminjaman`, `tanggal_pengembalian`) VALUES (\'BK001\', NULL, \'Pinjam\', \'2023-09-25\', \'2023-09-28\')', 0)
 2 SYSTEMPATH\Database\BaseConnection.php(692): CodeIgniter\Database\MySQLi\Connection->execute('INSERT INTO `peminjaman` (`kode_buku`, `nomor_anggota`, `status`, `tanggal_peminjaman`, `tanggal_pengembalian`) VALUES (\'BK001\', NULL, \'Pinjam\', \'2023-09-25\', \'2023-09-28\')')
 3 SYSTEMPATH\Database\BaseConnection.php(606): CodeIgniter\Database\BaseConnection->simpleQuery('INSERT INTO `peminjaman` (`kode_buku`, `nomor_anggota`, `status`, `tanggal_peminjaman`, `tanggal_pengembalian`) VALUES (\'BK001\', NULL, \'Pinjam\', \'2023-09-25\', \'2023-09-28\')')
 4 SYSTEMPATH\Database\BaseBuilder.php(2309): CodeIgniter\Database\BaseConnection->query('INSERT INTO `peminjaman` (`kode_buku`, `nomor_anggota`, `status`, `tanggal_peminjaman`, `tanggal_pengembalian`) VALUES (:kode_buku:, :nomor_anggota:, :status:, :tanggal_peminjaman:, :tanggal_pengembalian:)', [...], false)
 5 SYSTEMPATH\Model.php(330): CodeIgniter\Database\BaseBuilder->insert()
 6 SYSTEMPATH\BaseModel.php(782): CodeIgniter\Model->doInsert([...])
 7 SYSTEMPATH\Model.php(730): CodeIgniter\BaseModel->insert([...], true)
 8 APPPATH\Controllers\Crud\PeminjamanController.php(52): CodeIgniter\Model->insert([...])
 9 SYSTEMPATH\CodeIgniter.php(932): App\Controllers\Crud\PeminjamanController->create()
10 SYSTEMPATH\CodeIgniter.php(497): CodeIgniter\CodeIgniter->runController(Object(App\Controllers\Crud\PeminjamanController))
11 SYSTEMPATH\CodeIgniter.php(366): CodeIgniter\CodeIgniter->handleRequest(null, Object(Config\Cache), false)
12 FCPATH\index.php(67): CodeIgniter\CodeIgniter->run()
13 SYSTEMPATH\Commands\Server\rewrite.php(47): require_once('C:\\xampp\\htdocs\\REST\\public\\index.php')
