CRITICAL - 2023-12-21 02:28:49 --> The namespace delimiter is a backslash (\), not a slash (/). Route handler: "\App\Controllers\Crud\PeminjamanOnlineController/$1::index"
in SYSTEMPATH\Router\Router.php on line 477.
 1 SYSTEMPATH\Router\Router.php(477): CodeIgniter\Router\Exceptions\RouterException::forInvalidControllerName('\\App\\Controllers\\Crud\\PeminjamanOnlineController/$1::index')
 2 SYSTEMPATH\Router\Router.php(184): CodeIgniter\Router\Router->checkRoutes('api/peminjamanDigital/{nomorAnggota}')
 3 SYSTEMPATH\CodeIgniter.php(813): CodeIgniter\Router\Router->handle('api/peminjamanDigital/{nomorAnggota}')
 4 SYSTEMPATH\CodeIgniter.php(447): CodeIgniter\CodeIgniter->tryToRouteIt(Object(CodeIgniter\Router\RouteCollection))
 5 SYSTEMPATH\CodeIgniter.php(366): CodeIgniter\CodeIgniter->handleRequest(null, Object(Config\Cache), false)
 6 FCPATH\index.php(67): CodeIgniter\CodeIgniter->run()
 7 SYSTEMPATH\Commands\Server\rewrite.php(47): require_once('C:\\xampp\\htdocs\\REST\\public\\index.php')
CRITICAL - 2023-12-21 02:28:57 --> The namespace delimiter is a backslash (\), not a slash (/). Route handler: "\App\Controllers\Crud\PeminjamanOnlineController/$1::index"
in SYSTEMPATH\Router\Router.php on line 477.
 1 SYSTEMPATH\Router\Router.php(477): CodeIgniter\Router\Exceptions\RouterException::forInvalidControllerName('\\App\\Controllers\\Crud\\PeminjamanOnlineController/$1::index')
 2 SYSTEMPATH\Router\Router.php(184): CodeIgniter\Router\Router->checkRoutes('api/peminjamanDigital/{nomorAnggota}')
 3 SYSTEMPATH\CodeIgniter.php(813): CodeIgniter\Router\Router->handle('api/peminjamanDigital/{nomorAnggota}')
 4 SYSTEMPATH\CodeIgniter.php(447): CodeIgniter\CodeIgniter->tryToRouteIt(Object(CodeIgniter\Router\RouteCollection))
 5 SYSTEMPATH\CodeIgniter.php(366): CodeIgniter\CodeIgniter->handleRequest(null, Object(Config\Cache), false)
 6 FCPATH\index.php(67): CodeIgniter\CodeIgniter->run()
 7 SYSTEMPATH\Commands\Server\rewrite.php(47): require_once('C:\\xampp\\htdocs\\REST\\public\\index.php')
CRITICAL - 2023-12-21 02:29:06 --> The namespace delimiter is a backslash (\), not a slash (/). Route handler: "\App\Controllers\Crud\PeminjamanOnlineController/$1::index"
in SYSTEMPATH\Router\Router.php on line 477.
 1 SYSTEMPATH\Router\Router.php(477): CodeIgniter\Router\Exceptions\RouterException::forInvalidControllerName('\\App\\Controllers\\Crud\\PeminjamanOnlineController/$1::index')
 2 SYSTEMPATH\Router\Router.php(184): CodeIgniter\Router\Router->checkRoutes('api/peminjamanDigital/{nomorAnggota}')
 3 SYSTEMPATH\CodeIgniter.php(813): CodeIgniter\Router\Router->handle('api/peminjamanDigital/{nomorAnggota}')
 4 SYSTEMPATH\CodeIgniter.php(447): CodeIgniter\CodeIgniter->tryToRouteIt(Object(CodeIgniter\Router\RouteCollection))
 5 SYSTEMPATH\CodeIgniter.php(366): CodeIgniter\CodeIgniter->handleRequest(null, Object(Config\Cache), false)
 6 FCPATH\index.php(67): CodeIgniter\CodeIgniter->run()
 7 SYSTEMPATH\Commands\Server\rewrite.php(47): require_once('C:\\xampp\\htdocs\\REST\\public\\index.php')
